{"contracts/Betting.sol":{"l":{"49":1,"50":1,"59":5,"60":4,"61":4,"62":4,"63":4,"64":4,"67":4,"68":4,"69":4,"70":3,"71":3,"72":3,"73":3,"74":3,"75":3,"85":10,"93":2,"95":1,"96":1,"97":1,"105":2,"106":2,"107":2,"108":2,"109":2,"110":2,"111":2,"113":2,"114":1,"115":1,"116":1,"118":1,"119":0,"122":1,"133":3,"134":2,"135":1,"136":1,"137":1,"146":1,"158":4,"164":4},"path":"/Users/MatthewMorrison/Desktop/BettingDapp/contracts/Betting.sol","s":{"1":1,"2":1,"3":5,"4":4,"5":4,"6":4,"7":4,"8":4,"9":3,"10":3,"11":3,"12":3,"13":3,"14":10,"15":2,"16":1,"17":1,"18":1,"19":2,"20":2,"21":2,"22":2,"23":2,"24":1,"25":1,"26":1,"27":1,"28":3,"29":2,"30":1,"31":1,"32":1,"33":4,"34":4},"b":{"1":[4,1],"2":[3,1],"3":[1,1],"4":[1,1],"5":[0,1],"6":[2,1],"7":[1,1]},"f":{"1":1,"2":5,"3":10,"4":2,"5":2,"6":3,"7":1,"8":4,"9":4},"fnMap":{"1":{"name":"Betting","line":48,"loc":{"start":{"line":48,"column":2},"end":{"line":48,"column":27}}},"2":{"name":"proposeBet","line":58,"loc":{"start":{"line":58,"column":2},"end":{"line":58,"column":117}}},"3":{"name":"compareStrings","line":84,"loc":{"start":{"line":84,"column":2},"end":{"line":84,"column":67}}},"4":{"name":"acceptBet","line":92,"loc":{"start":{"line":92,"column":2},"end":{"line":92,"column":48}}},"5":{"name":"calculateWinner","line":103,"loc":{"start":{"line":103,"column":2},"end":{"line":103,"column":77}}},"6":{"name":"cancelBet","line":132,"loc":{"start":{"line":132,"column":2},"end":{"line":132,"column":48}}},"7":{"name":"getBet","line":145,"loc":{"start":{"line":145,"column":2},"end":{"line":145,"column":99}}},"8":{"name":"getBets","line":157,"loc":{"start":{"line":157,"column":2},"end":{"line":157,"column":53}}},"9":{"name":"getNumberOfBets","line":163,"loc":{"start":{"line":163,"column":2},"end":{"line":163,"column":59}}}},"statementMap":{"1":{"start":{"line":49,"column":4},"end":{"line":49,"column":22}},"2":{"start":{"line":50,"column":4},"end":{"line":50,"column":15}},"3":{"start":{"line":59,"column":4},"end":{"line":59,"column":1737}},"4":{"start":{"line":60,"column":6},"end":{"line":60,"column":40}},"5":{"start":{"line":64,"column":6},"end":{"line":64,"column":67}},"6":{"start":{"line":67,"column":6},"end":{"line":67,"column":87}},"7":{"start":{"line":68,"column":6},"end":{"line":68,"column":87}},"8":{"start":{"line":69,"column":6},"end":{"line":69,"column":2248}},"9":{"start":{"line":70,"column":8},"end":{"line":70,"column":92}},"10":{"start":{"line":71,"column":7},"end":{"line":71,"column":54}},"11":{"start":{"line":72,"column":8},"end":{"line":72,"column":37}},"12":{"start":{"line":74,"column":8},"end":{"line":74,"column":157}},"13":{"start":{"line":75,"column":7},"end":{"line":75,"column":22}},"14":{"start":{"line":85,"column":7},"end":{"line":85,"column":42}},"15":{"start":{"line":93,"column":4},"end":{"line":93,"column":3374}},"16":{"start":{"line":95,"column":6},"end":{"line":95,"column":39}},"17":{"start":{"line":96,"column":6},"end":{"line":96,"column":33}},"18":{"start":{"line":97,"column":6},"end":{"line":97,"column":22}},"19":{"start":{"line":105,"column":4},"end":{"line":105,"column":38}},"20":{"start":{"line":109,"column":4},"end":{"line":109,"column":65}},"21":{"start":{"line":110,"column":4},"end":{"line":110,"column":85}},"22":{"start":{"line":111,"column":4},"end":{"line":111,"column":85}},"23":{"start":{"line":113,"column":4},"end":{"line":113,"column":4284}},"24":{"start":{"line":114,"column":6},"end":{"line":114,"column":48}},"25":{"start":{"line":115,"column":6},"end":{"line":115,"column":48}},"26":{"start":{"line":116,"column":6},"end":{"line":116,"column":33}},"27":{"start":{"line":118,"column":6},"end":{"line":118,"column":4503}},"28":{"start":{"line":133,"column":6},"end":{"line":133,"column":49}},"29":{"start":{"line":134,"column":6},"end":{"line":134,"column":44}},"30":{"start":{"line":135,"column":6},"end":{"line":135,"column":32}},"31":{"start":{"line":136,"column":6},"end":{"line":136,"column":22}},"32":{"start":{"line":146,"column":4},"end":{"line":146,"column":5797}},"33":{"start":{"line":158,"column":4},"end":{"line":158,"column":17}},"34":{"start":{"line":164,"column":3},"end":{"line":164,"column":23}}},"branchMap":{"1":{"line":59,"type":"if","locations":[{"start":{"line":59,"column":4},"end":{"line":59,"column":4}},{"start":{"line":59,"column":4},"end":{"line":59,"column":4}}]},"2":{"line":69,"type":"if","locations":[{"start":{"line":69,"column":6},"end":{"line":69,"column":6}},{"start":{"line":69,"column":6},"end":{"line":69,"column":6}}]},"3":{"line":93,"type":"if","locations":[{"start":{"line":93,"column":4},"end":{"line":93,"column":4}},{"start":{"line":93,"column":4},"end":{"line":93,"column":4}}]},"4":{"line":113,"type":"if","locations":[{"start":{"line":113,"column":4},"end":{"line":113,"column":4}},{"start":{"line":113,"column":4},"end":{"line":113,"column":4}}]},"5":{"line":118,"type":"if","locations":[{"start":{"line":118,"column":6},"end":{"line":118,"column":6}},{"start":{"line":118,"column":6},"end":{"line":118,"column":6}}]},"6":{"line":133,"type":"if","locations":[{"start":{"line":133,"column":6},"end":{"line":133,"column":6}},{"start":{"line":133,"column":6},"end":{"line":133,"column":6}}]},"7":{"line":134,"type":"if","locations":[{"start":{"line":134,"column":6},"end":{"line":134,"column":6}},{"start":{"line":134,"column":6},"end":{"line":134,"column":6}}]}}}}