<?xml version="1.0" encoding="UTF-8"?>
<coverage generated="1519749219954" clover="3.2.0">
  <project timestamp="1519749219954" name="All files">
    <metrics statements="121" coveredstatements="101" conditionals="26" coveredconditionals="19" methods="38" coveredmethods="30" elements="185" coveredelements="150" complexity="0" loc="121" ncloc="121" packages="2" files="3" classes="3">
      <package name="src">
        <metrics statements="102" coveredstatements="94" conditionals="22" coveredconditionals="18" methods="36" coveredmethods="29"/>
        <file name="App.js" path="/home/vincent/Documents/imperial/group project/BettingDapp/src/App.js">
          <metrics statements="92" coveredstatements="84" conditionals="22" coveredconditionals="18" methods="35" coveredmethods="28"/>
          <line num="15" count="1" type="stmt"/>
          <line num="20" count="60" type="stmt"/>
          <line num="21" count="60" type="stmt"/>
          <line num="22" count="60" type="stmt"/>
          <line num="23" count="60" type="stmt"/>
          <line num="24" count="60" type="stmt"/>
          <line num="25" count="60" type="stmt"/>
          <line num="28" count="1" type="stmt"/>
          <line num="29" count="1" type="stmt"/>
          <line num="30" count="1" type="stmt"/>
          <line num="35" count="27" type="stmt"/>
          <line num="45" count="28" type="stmt"/>
          <line num="53" count="27" type="stmt"/>
          <line num="54" count="27" type="stmt"/>
          <line num="56" count="27" type="cond" truecount="1" falsecount="1"/>
          <line num="57" count="0" type="stmt"/>
          <line num="61" count="27" type="stmt"/>
          <line num="65" count="0" type="stmt"/>
          <line num="76" count="45" type="stmt"/>
          <line num="80" count="27" type="stmt"/>
          <line num="89" count="0" type="stmt"/>
          <line num="94" count="3" type="stmt"/>
          <line num="95" count="3" type="stmt"/>
          <line num="104" count="2" type="cond" truecount="4" falsecount="0"/>
          <line num="105" count="1" type="stmt"/>
          <line num="106" count="1" type="stmt"/>
          <line num="108" count="1" type="cond" truecount="1" falsecount="1"/>
          <line num="109" count="1" type="stmt"/>
          <line num="110" count="1" type="stmt"/>
          <line num="116" count="2" type="stmt"/>
          <line num="117" count="2" type="cond" truecount="1" falsecount="1"/>
          <line num="118" count="2" type="stmt"/>
          <line num="122" count="0" type="stmt"/>
          <line num="127" count="18" type="stmt"/>
          <line num="131" count="0" type="stmt"/>
          <line num="133" count="0" type="stmt"/>
          <line num="135" count="0" type="stmt"/>
          <line num="144" count="2" type="stmt"/>
          <line num="146" count="2" type="stmt"/>
          <line num="168" count="2" type="stmt"/>
          <line num="170" count="2" type="stmt"/>
          <line num="175" count="0" type="stmt"/>
          <line num="178" count="2" type="stmt"/>
          <line num="179" count="2" type="stmt"/>
          <line num="182" count="2" type="stmt"/>
          <line num="183" count="8" type="stmt"/>
          <line num="184" count="8" type="stmt"/>
          <line num="186" count="2" type="stmt"/>
          <line num="187" count="2" type="stmt"/>
          <line num="190" count="2" type="stmt"/>
          <line num="191" count="2" type="stmt"/>
          <line num="192" count="124" type="cond" truecount="2" falsecount="0"/>
          <line num="193" count="1" type="stmt"/>
          <line num="194" count="1" type="stmt"/>
          <line num="197" count="2" type="stmt"/>
          <line num="198" count="2" type="stmt"/>
          <line num="202" count="2" type="stmt"/>
          <line num="203" count="2" type="stmt"/>
          <line num="204" count="2" type="stmt"/>
          <line num="205" count="2" type="stmt"/>
          <line num="206" count="2" type="stmt"/>
          <line num="211" count="1" type="stmt"/>
          <line num="212" count="1" type="stmt"/>
          <line num="216" count="1" type="stmt"/>
          <line num="225" count="11" type="stmt"/>
          <line num="227" count="11" type="stmt"/>
          <line num="228" count="11" type="stmt"/>
          <line num="229" count="11" type="stmt"/>
          <line num="232" count="11" type="stmt"/>
          <line num="234" count="57" type="stmt"/>
          <line num="235" count="57" type="stmt"/>
          <line num="237" count="57" type="cond" truecount="2" falsecount="0"/>
          <line num="238" count="27" type="cond" truecount="2" falsecount="0"/>
          <line num="239" count="3" type="cond" truecount="2" falsecount="0"/>
          <line num="240" count="1" type="stmt"/>
          <line num="243" count="2" type="stmt"/>
          <line num="246" count="24" type="cond" truecount="3" falsecount="1"/>
          <line num="247" count="24" type="stmt"/>
          <line num="254" count="11" type="stmt"/>
          <line num="259" count="59" type="stmt"/>
          <line num="260" count="59" type="stmt"/>
          <line num="262" count="59" type="stmt"/>
          <line num="263" count="59" type="stmt"/>
          <line num="264" count="59" type="stmt"/>
          <line num="265" count="59" type="stmt"/>
          <line num="266" count="59" type="stmt"/>
          <line num="267" count="59" type="stmt"/>
          <line num="268" count="59" type="stmt"/>
          <line num="269" count="59" type="stmt"/>
          <line num="273" count="1" type="stmt"/>
          <line num="278" count="1" type="stmt"/>
          <line num="288" count="15" type="stmt"/>
        </file>
        <file name="football.js" path="/home/vincent/Documents/imperial/group project/BettingDapp/src/football.js">
          <metrics statements="10" coveredstatements="10" conditionals="0" coveredconditionals="0" methods="1" coveredmethods="1"/>
          <line num="8" count="2" type="stmt"/>
          <line num="9" count="2" type="stmt"/>
          <line num="14" count="2" type="stmt"/>
          <line num="20" count="2" type="stmt"/>
          <line num="21" count="2" type="stmt"/>
          <line num="22" count="2" type="stmt"/>
          <line num="23" count="2" type="stmt"/>
          <line num="24" count="2" type="stmt"/>
          <line num="25" count="2" type="stmt"/>
          <line num="27" count="2" type="stmt"/>
        </file>
      </package>
      <package name="src.utils">
        <metrics statements="19" coveredstatements="7" conditionals="4" coveredconditionals="1" methods="2" coveredmethods="1"/>
        <file name="getWeb3.js" path="/home/vincent/Documents/imperial/group project/BettingDapp/src/utils/getWeb3.js">
          <metrics statements="19" coveredstatements="7" conditionals="4" coveredconditionals="1" methods="2" coveredmethods="1"/>
          <line num="3" count="1" type="stmt"/>
          <line num="7" count="1" type="cond" truecount="1" falsecount="1"/>
          <line num="8" count="0" type="stmt"/>
          <line num="9" count="0" type="stmt"/>
          <line num="12" count="0" type="cond" truecount="0" falsecount="2"/>
          <line num="14" count="0" type="stmt"/>
          <line num="16" count="0" type="stmt"/>
          <line num="20" count="0" type="stmt"/>
          <line num="22" count="0" type="stmt"/>
          <line num="26" count="0" type="stmt"/>
          <line num="28" count="0" type="stmt"/>
          <line num="30" count="0" type="stmt"/>
          <line num="34" count="0" type="stmt"/>
          <line num="36" count="0" type="stmt"/>
          <line num="43" count="1" type="stmt"/>
          <line num="45" count="1" type="stmt"/>
          <line num="47" count="1" type="stmt"/>
          <line num="51" count="1" type="stmt"/>
          <line num="53" count="1" type="stmt"/>
        </file>
      </package>
    </metrics>
  </project>
</coverage>
