{"/home/vincent/Documents/imperial/group project/BettingDapp/src/App.js": {"path":"/home/vincent/Documents/imperial/group project/BettingDapp/src/App.js","statementMap":{"0":{"start":{"line":15,"column":10},"end":{"line":15,"column":14}},"1":{"start":{"line":20,"column":1},"end":{"line":20,"column":13}},"2":{"start":{"line":21,"column":1},"end":{"line":21,"column":35}},"3":{"start":{"line":22,"column":1},"end":{"line":22,"column":35}},"4":{"start":{"line":23,"column":1},"end":{"line":23,"column":53}},"5":{"start":{"line":24,"column":1},"end":{"line":24,"column":27}},"6":{"start":{"line":25,"column":1},"end":{"line":25,"column":29}},"7":{"start":{"line":28,"column":15},"end":{"line":28,"column":27}},"8":{"start":{"line":29,"column":37},"end":{"line":29,"column":71}},"9":{"start":{"line":30,"column":37},"end":{"line":30,"column":71}},"10":{"start":{"line":35,"column":1},"end":{"line":39,"column":2}},"11":{"start":{"line":45,"column":1},"end":{"line":47,"column":2}},"12":{"start":{"line":53,"column":13},"end":{"line":53,"column":39}},"13":{"start":{"line":54,"column":11},"end":{"line":54,"column":57}},"14":{"start":{"line":56,"column":5},"end":{"line":70,"column":2}},"15":{"start":{"line":57,"column":2},"end":{"line":57,"column":17}},"16":{"start":{"line":61,"column":5},"end":{"line":69,"column":7}},"17":{"start":{"line":65,"column":44},"end":{"line":65,"column":77}},"18":{"start":{"line":76,"column":1},"end":{"line":84,"column":3}},"19":{"start":{"line":80,"column":2},"end":{"line":81,"column":75}},"20":{"start":{"line":89,"column":15},"end":{"line":89,"column":56}},"21":{"start":{"line":94,"column":1},"end":{"line":94,"column":13}},"22":{"start":{"line":95,"column":1},"end":{"line":98,"column":2}},"23":{"start":{"line":104,"column":1},"end":{"line":111,"column":2}},"24":{"start":{"line":105,"column":5},"end":{"line":105,"column":67}},"25":{"start":{"line":106,"column":5},"end":{"line":106,"column":97}},"26":{"start":{"line":108,"column":6},"end":{"line":111,"column":2}},"27":{"start":{"line":109,"column":5},"end":{"line":109,"column":67}},"28":{"start":{"line":110,"column":5},"end":{"line":110,"column":97}},"29":{"start":{"line":116,"column":13},"end":{"line":116,"column":28}},"30":{"start":{"line":117,"column":1},"end":{"line":123,"column":2}},"31":{"start":{"line":118,"column":5},"end":{"line":118,"column":33}},"32":{"start":{"line":122,"column":5},"end":{"line":122,"column":37}},"33":{"start":{"line":127,"column":1},"end":{"line":137,"column":3}},"34":{"start":{"line":131,"column":59},"end":{"line":131,"column":94}},"35":{"start":{"line":133,"column":60},"end":{"line":133,"column":96}},"36":{"start":{"line":135,"column":25},"end":{"line":135,"column":97}},"37":{"start":{"line":144,"column":1},"end":{"line":144,"column":13}},"38":{"start":{"line":146,"column":1},"end":{"line":152,"column":2}},"39":{"start":{"line":168,"column":1},"end":{"line":199,"column":7}},"40":{"start":{"line":170,"column":2},"end":{"line":172,"column":4}},"41":{"start":{"line":175,"column":2},"end":{"line":175,"column":61}},"42":{"start":{"line":178,"column":2},"end":{"line":178,"column":33}},"43":{"start":{"line":179,"column":2},"end":{"line":179,"column":27}},"44":{"start":{"line":182,"column":16},"end":{"line":185,"column":14}},"45":{"start":{"line":183,"column":6},"end":{"line":183,"column":47}},"46":{"start":{"line":184,"column":6},"end":{"line":184,"column":23}},"47":{"start":{"line":186,"column":2},"end":{"line":186,"column":51}},"48":{"start":{"line":187,"column":2},"end":{"line":187,"column":34}},"49":{"start":{"line":190,"column":2},"end":{"line":190,"column":52}},"50":{"start":{"line":191,"column":2},"end":{"line":196,"column":14}},"51":{"start":{"line":192,"column":6},"end":{"line":195,"column":7}},"52":{"start":{"line":193,"column":3},"end":{"line":193,"column":54}},"53":{"start":{"line":194,"column":3},"end":{"line":194,"column":20}},"54":{"start":{"line":197,"column":2},"end":{"line":197,"column":39}},"55":{"start":{"line":198,"column":2},"end":{"line":198,"column":26}},"56":{"start":{"line":202,"column":1},"end":{"line":202,"column":32}},"57":{"start":{"line":203,"column":18},"end":{"line":203,"column":45}},"58":{"start":{"line":204,"column":1},"end":{"line":204,"column":41}},"59":{"start":{"line":205,"column":1},"end":{"line":205,"column":66}},"60":{"start":{"line":206,"column":1},"end":{"line":206,"column":65}},"61":{"start":{"line":211,"column":1},"end":{"line":211,"column":26}},"62":{"start":{"line":212,"column":15},"end":{"line":212,"column":53}},"63":{"start":{"line":216,"column":1},"end":{"line":220,"column":44}},"64":{"start":{"line":225,"column":14},"end":{"line":225,"column":54}},"65":{"start":{"line":227,"column":19},"end":{"line":227,"column":21}},"66":{"start":{"line":228,"column":16},"end":{"line":228,"column":18}},"67":{"start":{"line":229,"column":24},"end":{"line":229,"column":26}},"68":{"start":{"line":232,"column":1},"end":{"line":251,"column":2}},"69":{"start":{"line":234,"column":5},"end":{"line":234,"column":57}},"70":{"start":{"line":235,"column":5},"end":{"line":235,"column":31}},"71":{"start":{"line":237,"column":5},"end":{"line":249,"column":6}},"72":{"start":{"line":238,"column":2},"end":{"line":248,"column":3}},"73":{"start":{"line":239,"column":6},"end":{"line":244,"column":7}},"74":{"start":{"line":240,"column":3},"end":{"line":240,"column":21}},"75":{"start":{"line":243,"column":3},"end":{"line":243,"column":24}},"76":{"start":{"line":246,"column":7},"end":{"line":248,"column":3}},"77":{"start":{"line":247,"column":6},"end":{"line":247,"column":32}},"78":{"start":{"line":254,"column":1},"end":{"line":254,"column":95}},"79":{"start":{"line":259,"column":14},"end":{"line":259,"column":68}},"80":{"start":{"line":260,"column":15},"end":{"line":260,"column":69}},"81":{"start":{"line":262,"column":16},"end":{"line":262,"column":25}},"82":{"start":{"line":263,"column":16},"end":{"line":263,"column":25}},"83":{"start":{"line":264,"column":16},"end":{"line":264,"column":25}},"84":{"start":{"line":265,"column":15},"end":{"line":265,"column":25}},"85":{"start":{"line":266,"column":11},"end":{"line":266,"column":66}},"86":{"start":{"line":267,"column":1},"end":{"line":267,"column":22}},"87":{"start":{"line":268,"column":1},"end":{"line":268,"column":24}},"88":{"start":{"line":269,"column":1},"end":{"line":269,"column":11}},"89":{"start":{"line":273,"column":1},"end":{"line":273,"column":85}},"90":{"start":{"line":278,"column":1},"end":{"line":280,"column":66}},"91":{"start":{"line":288,"column":1},"end":{"line":308,"column":3}}},"fnMap":{"0":{"name":"(anonymous_0)","decl":{"start":{"line":19,"column":4},"end":{"line":19,"column":5}},"loc":{"start":{"line":19,"column":73},"end":{"line":26,"column":5}},"line":19},"1":{"name":"(anonymous_1)","decl":{"start":{"line":28,"column":4},"end":{"line":28,"column":5}},"loc":{"start":{"line":28,"column":14},"end":{"line":28,"column":28}},"line":28},"2":{"name":"(anonymous_2)","decl":{"start":{"line":29,"column":4},"end":{"line":29,"column":5}},"loc":{"start":{"line":29,"column":36},"end":{"line":29,"column":72}},"line":29},"3":{"name":"(anonymous_3)","decl":{"start":{"line":30,"column":4},"end":{"line":30,"column":5}},"loc":{"start":{"line":30,"column":36},"end":{"line":30,"column":72}},"line":30},"4":{"name":"(anonymous_4)","decl":{"start":{"line":34,"column":4},"end":{"line":34,"column":5}},"loc":{"start":{"line":34,"column":13},"end":{"line":40,"column":5}},"line":34},"5":{"name":"(anonymous_5)","decl":{"start":{"line":44,"column":4},"end":{"line":44,"column":5}},"loc":{"start":{"line":44,"column":13},"end":{"line":48,"column":5}},"line":44},"6":{"name":"(anonymous_6)","decl":{"start":{"line":52,"column":4},"end":{"line":52,"column":5}},"loc":{"start":{"line":52,"column":13},"end":{"line":71,"column":5}},"line":52},"7":{"name":"(anonymous_7)","decl":{"start":{"line":65,"column":38},"end":{"line":65,"column":39}},"loc":{"start":{"line":65,"column":44},"end":{"line":65,"column":77}},"line":65},"8":{"name":"(anonymous_8)","decl":{"start":{"line":75,"column":4},"end":{"line":75,"column":5}},"loc":{"start":{"line":75,"column":13},"end":{"line":85,"column":5}},"line":75},"9":{"name":"(anonymous_9)","decl":{"start":{"line":79,"column":27},"end":{"line":79,"column":28}},"loc":{"start":{"line":79,"column":41},"end":{"line":82,"column":6}},"line":79},"10":{"name":"(anonymous_10)","decl":{"start":{"line":89,"column":4},"end":{"line":89,"column":5}},"loc":{"start":{"line":89,"column":13},"end":{"line":89,"column":58}},"line":89},"11":{"name":"(anonymous_11)","decl":{"start":{"line":93,"column":4},"end":{"line":93,"column":5}},"loc":{"start":{"line":93,"column":23},"end":{"line":99,"column":5}},"line":93},"12":{"name":"(anonymous_12)","decl":{"start":{"line":102,"column":4},"end":{"line":102,"column":5}},"loc":{"start":{"line":102,"column":30},"end":{"line":113,"column":5}},"line":102},"13":{"name":"(anonymous_13)","decl":{"start":{"line":115,"column":4},"end":{"line":115,"column":5}},"loc":{"start":{"line":115,"column":28},"end":{"line":124,"column":5}},"line":115},"14":{"name":"(anonymous_14)","decl":{"start":{"line":126,"column":4},"end":{"line":126,"column":5}},"loc":{"start":{"line":126,"column":13},"end":{"line":138,"column":5}},"line":126},"15":{"name":"(anonymous_15)","decl":{"start":{"line":131,"column":52},"end":{"line":131,"column":53}},"loc":{"start":{"line":131,"column":59},"end":{"line":131,"column":94}},"line":131},"16":{"name":"(anonymous_16)","decl":{"start":{"line":133,"column":53},"end":{"line":133,"column":54}},"loc":{"start":{"line":133,"column":60},"end":{"line":133,"column":96}},"line":133},"17":{"name":"(anonymous_17)","decl":{"start":{"line":135,"column":19},"end":{"line":135,"column":20}},"loc":{"start":{"line":135,"column":25},"end":{"line":135,"column":97}},"line":135},"18":{"name":"(anonymous_18)","decl":{"start":{"line":143,"column":4},"end":{"line":143,"column":5}},"loc":{"start":{"line":143,"column":23},"end":{"line":153,"column":5}},"line":143},"19":{"name":"(anonymous_19)","decl":{"start":{"line":155,"column":4},"end":{"line":155,"column":5}},"loc":{"start":{"line":155,"column":31},"end":{"line":200,"column":5}},"line":155},"20":{"name":"(anonymous_20)","decl":{"start":{"line":169,"column":12},"end":{"line":169,"column":13}},"loc":{"start":{"line":169,"column":23},"end":{"line":173,"column":6}},"line":169},"21":{"name":"(anonymous_21)","decl":{"start":{"line":174,"column":12},"end":{"line":174,"column":13}},"loc":{"start":{"line":174,"column":19},"end":{"line":176,"column":6}},"line":174},"22":{"name":"(anonymous_22)","decl":{"start":{"line":176,"column":14},"end":{"line":176,"column":15}},"loc":{"start":{"line":176,"column":26},"end":{"line":180,"column":6}},"line":176},"23":{"name":"(anonymous_23)","decl":{"start":{"line":180,"column":14},"end":{"line":180,"column":15}},"loc":{"start":{"line":180,"column":26},"end":{"line":188,"column":6}},"line":180},"24":{"name":"(anonymous_24)","decl":{"start":{"line":182,"column":16},"end":{"line":182,"column":17}},"loc":{"start":{"line":182,"column":27},"end":{"line":185,"column":3}},"line":182},"25":{"name":"(anonymous_25)","decl":{"start":{"line":188,"column":14},"end":{"line":188,"column":15}},"loc":{"start":{"line":188,"column":26},"end":{"line":199,"column":6}},"line":188},"26":{"name":"(anonymous_26)","decl":{"start":{"line":191,"column":24},"end":{"line":191,"column":25}},"loc":{"start":{"line":191,"column":35},"end":{"line":196,"column":3}},"line":191},"27":{"name":"(anonymous_27)","decl":{"start":{"line":201,"column":4},"end":{"line":201,"column":5}},"loc":{"start":{"line":201,"column":24},"end":{"line":207,"column":5}},"line":201},"28":{"name":"(anonymous_28)","decl":{"start":{"line":210,"column":4},"end":{"line":210,"column":5}},"loc":{"start":{"line":210,"column":50},"end":{"line":221,"column":5}},"line":210},"29":{"name":"(anonymous_29)","decl":{"start":{"line":224,"column":4},"end":{"line":224,"column":5}},"loc":{"start":{"line":224,"column":23},"end":{"line":255,"column":5}},"line":224},"30":{"name":"(anonymous_30)","decl":{"start":{"line":257,"column":4},"end":{"line":257,"column":5}},"loc":{"start":{"line":257,"column":23},"end":{"line":270,"column":5}},"line":257},"31":{"name":"(anonymous_31)","decl":{"start":{"line":272,"column":4},"end":{"line":272,"column":5}},"loc":{"start":{"line":272,"column":25},"end":{"line":274,"column":5}},"line":272},"32":{"name":"(anonymous_32)","decl":{"start":{"line":276,"column":4},"end":{"line":276,"column":5}},"loc":{"start":{"line":276,"column":23},"end":{"line":281,"column":5}},"line":276},"33":{"name":"(anonymous_33)","decl":{"start":{"line":283,"column":4},"end":{"line":283,"column":5}},"loc":{"start":{"line":283,"column":18},"end":{"line":285,"column":5}},"line":283},"34":{"name":"(anonymous_34)","decl":{"start":{"line":287,"column":4},"end":{"line":287,"column":5}},"loc":{"start":{"line":287,"column":13},"end":{"line":309,"column":5}},"line":287}},"branchMap":{"0":{"loc":{"start":{"line":56,"column":5},"end":{"line":70,"column":2}},"type":"if","locations":[{"start":{"line":56,"column":5},"end":{"line":70,"column":2}},{"start":{"line":56,"column":5},"end":{"line":70,"column":2}}],"line":56},"1":{"loc":{"start":{"line":104,"column":1},"end":{"line":111,"column":2}},"type":"if","locations":[{"start":{"line":104,"column":1},"end":{"line":111,"column":2}},{"start":{"line":104,"column":1},"end":{"line":111,"column":2}}],"line":104},"2":{"loc":{"start":{"line":104,"column":5},"end":{"line":104,"column":31}},"type":"binary-expr","locations":[{"start":{"line":104,"column":5},"end":{"line":104,"column":10}},{"start":{"line":104,"column":14},"end":{"line":104,"column":31}}],"line":104},"3":{"loc":{"start":{"line":108,"column":6},"end":{"line":111,"column":2}},"type":"if","locations":[{"start":{"line":108,"column":6},"end":{"line":111,"column":2}},{"start":{"line":108,"column":6},"end":{"line":111,"column":2}}],"line":108},"4":{"loc":{"start":{"line":117,"column":1},"end":{"line":123,"column":2}},"type":"if","locations":[{"start":{"line":117,"column":1},"end":{"line":123,"column":2}},{"start":{"line":117,"column":1},"end":{"line":123,"column":2}}],"line":117},"5":{"loc":{"start":{"line":192,"column":6},"end":{"line":195,"column":7}},"type":"if","locations":[{"start":{"line":192,"column":6},"end":{"line":195,"column":7}},{"start":{"line":192,"column":6},"end":{"line":195,"column":7}}],"line":192},"6":{"loc":{"start":{"line":237,"column":5},"end":{"line":249,"column":6}},"type":"if","locations":[{"start":{"line":237,"column":5},"end":{"line":249,"column":6}},{"start":{"line":237,"column":5},"end":{"line":249,"column":6}}],"line":237},"7":{"loc":{"start":{"line":238,"column":2},"end":{"line":248,"column":3}},"type":"if","locations":[{"start":{"line":238,"column":2},"end":{"line":248,"column":3}},{"start":{"line":238,"column":2},"end":{"line":248,"column":3}}],"line":238},"8":{"loc":{"start":{"line":239,"column":6},"end":{"line":244,"column":7}},"type":"if","locations":[{"start":{"line":239,"column":6},"end":{"line":244,"column":7}},{"start":{"line":239,"column":6},"end":{"line":244,"column":7}}],"line":239},"9":{"loc":{"start":{"line":246,"column":7},"end":{"line":248,"column":3}},"type":"if","locations":[{"start":{"line":246,"column":7},"end":{"line":248,"column":3}},{"start":{"line":246,"column":7},"end":{"line":248,"column":3}}],"line":246},"10":{"loc":{"start":{"line":246,"column":11},"end":{"line":246,"column":84}},"type":"binary-expr","locations":[{"start":{"line":246,"column":11},"end":{"line":246,"column":45}},{"start":{"line":246,"column":49},"end":{"line":246,"column":84}}],"line":246}},"s":{"0":1,"1":60,"2":60,"3":60,"4":60,"5":60,"6":60,"7":1,"8":1,"9":1,"10":27,"11":28,"12":27,"13":27,"14":27,"15":0,"16":27,"17":0,"18":45,"19":27,"20":0,"21":3,"22":3,"23":2,"24":1,"25":1,"26":1,"27":1,"28":1,"29":2,"30":2,"31":2,"32":0,"33":18,"34":0,"35":0,"36":0,"37":2,"38":2,"39":2,"40":2,"41":0,"42":2,"43":2,"44":2,"45":8,"46":8,"47":2,"48":2,"49":2,"50":2,"51":124,"52":1,"53":1,"54":2,"55":2,"56":2,"57":2,"58":2,"59":2,"60":2,"61":1,"62":1,"63":1,"64":11,"65":11,"66":11,"67":11,"68":11,"69":57,"70":57,"71":57,"72":27,"73":3,"74":1,"75":2,"76":24,"77":24,"78":11,"79":59,"80":59,"81":59,"82":59,"83":59,"84":59,"85":59,"86":59,"87":59,"88":59,"89":1,"90":1,"91":15},"f":{"0":60,"1":1,"2":1,"3":1,"4":27,"5":28,"6":27,"7":0,"8":45,"9":27,"10":0,"11":3,"12":2,"13":2,"14":18,"15":0,"16":0,"17":0,"18":2,"19":2,"20":2,"21":0,"22":2,"23":2,"24":8,"25":2,"26":124,"27":2,"28":1,"29":11,"30":59,"31":1,"32":1,"33":0,"34":15},"b":{"0":[0,27],"1":[1,1],"2":[2,2],"3":[1,0],"4":[2,0],"5":[1,123],"6":[27,30],"7":[3,24],"8":[1,2],"9":[24,0],"10":[24,24]},"_coverageSchema":"332fd63041d2c1bcb487cc26dd0d5f7d97098a6c","hash":"ade6f8b0d28c5c0c4824f583aad6508b62816387"}
,"/home/vincent/Documents/imperial/group project/BettingDapp/src/football.js": {"path":"/home/vincent/Documents/imperial/group project/BettingDapp/src/football.js","statementMap":{"0":{"start":{"line":8,"column":14},"end":{"line":8,"column":47}},"1":{"start":{"line":9,"column":16},"end":{"line":12,"column":2}},"2":{"start":{"line":14,"column":16},"end":{"line":17,"column":1}},"3":{"start":{"line":20,"column":13},"end":{"line":20,"column":26}},"4":{"start":{"line":21,"column":14},"end":{"line":21,"column":58}},"5":{"start":{"line":22,"column":20},"end":{"line":22,"column":47}},"6":{"start":{"line":23,"column":4},"end":{"line":23,"column":35}},"7":{"start":{"line":24,"column":17},"end":{"line":24,"column":39}},"8":{"start":{"line":25,"column":15},"end":{"line":25,"column":34}},"9":{"start":{"line":27,"column":4},"end":{"line":27,"column":15}}},"fnMap":{"0":{"name":"findFixtureByID","decl":{"start":{"line":19,"column":22},"end":{"line":19,"column":37}},"loc":{"start":{"line":19,"column":42},"end":{"line":28,"column":1}},"line":19}},"branchMap":{},"s":{"0":2,"1":2,"2":2,"3":2,"4":2,"5":2,"6":2,"7":2,"8":2,"9":2},"f":{"0":2},"b":{},"_coverageSchema":"332fd63041d2c1bcb487cc26dd0d5f7d97098a6c","hash":"adcf1c2a1a6cde95d8e50e65799846fdedf9c96d"}
,"/home/vincent/Documents/imperial/group project/BettingDapp/src/utils/getWeb3.js": {"path":"/home/vincent/Documents/imperial/group project/BettingDapp/src/utils/getWeb3.js","statementMap":{"0":{"start":{"line":3,"column":14},"end":{"line":55,"column":2}},"1":{"start":{"line":7,"column":4},"end":{"line":54,"column":5}},"2":{"start":{"line":8,"column":1},"end":{"line":38,"column":3}},"3":{"start":{"line":9,"column":5},"end":{"line":9,"column":23}},"4":{"start":{"line":12,"column":5},"end":{"line":37,"column":6}},"5":{"start":{"line":14,"column":2},"end":{"line":14,"column":39}},"6":{"start":{"line":16,"column":2},"end":{"line":18,"column":3}},"7":{"start":{"line":20,"column":2},"end":{"line":20,"column":41}},"8":{"start":{"line":22,"column":2},"end":{"line":22,"column":18}},"9":{"start":{"line":26,"column":17},"end":{"line":26,"column":73}},"10":{"start":{"line":28,"column":2},"end":{"line":28,"column":27}},"11":{"start":{"line":30,"column":2},"end":{"line":32,"column":3}},"12":{"start":{"line":34,"column":2},"end":{"line":34,"column":62}},"13":{"start":{"line":36,"column":2},"end":{"line":36,"column":18}},"14":{"start":{"line":43,"column":16},"end":{"line":43,"column":72}},"15":{"start":{"line":45,"column":1},"end":{"line":45,"column":26}},"16":{"start":{"line":47,"column":1},"end":{"line":49,"column":2}},"17":{"start":{"line":51,"column":1},"end":{"line":51,"column":61}},"18":{"start":{"line":53,"column":1},"end":{"line":53,"column":17}}},"fnMap":{"0":{"name":"(anonymous_0)","decl":{"start":{"line":3,"column":26},"end":{"line":3,"column":27}},"loc":{"start":{"line":3,"column":52},"end":{"line":55,"column":1}},"line":3},"1":{"name":"(anonymous_1)","decl":{"start":{"line":8,"column":33},"end":{"line":8,"column":34}},"loc":{"start":{"line":8,"column":44},"end":{"line":38,"column":2}},"line":8}},"branchMap":{"0":{"loc":{"start":{"line":7,"column":4},"end":{"line":54,"column":5}},"type":"if","locations":[{"start":{"line":7,"column":4},"end":{"line":54,"column":5}},{"start":{"line":7,"column":4},"end":{"line":54,"column":5}}],"line":7},"1":{"loc":{"start":{"line":12,"column":5},"end":{"line":37,"column":6}},"type":"if","locations":[{"start":{"line":12,"column":5},"end":{"line":37,"column":6}},{"start":{"line":12,"column":5},"end":{"line":37,"column":6}}],"line":12}},"s":{"0":1,"1":1,"2":0,"3":0,"4":0,"5":0,"6":0,"7":0,"8":0,"9":0,"10":0,"11":0,"12":0,"13":0,"14":1,"15":1,"16":1,"17":1,"18":1},"f":{"0":1,"1":0},"b":{"0":[0,1],"1":[0,0]},"_coverageSchema":"332fd63041d2c1bcb487cc26dd0d5f7d97098a6c","hash":"1db16e8de08ccd8957427a4f5a9dd587dd070c7b"}
}
