TN:
SF:/home/vincent/Documents/imperial/group project/BettingDapp/src/App.js
FN:19,(anonymous_0)
FN:28,(anonymous_1)
FN:29,(anonymous_2)
FN:30,(anonymous_3)
FN:34,(anonymous_4)
FN:44,(anonymous_5)
FN:52,(anonymous_6)
FN:65,(anonymous_7)
FN:75,(anonymous_8)
FN:79,(anonymous_9)
FN:89,(anonymous_10)
FN:93,(anonymous_11)
FN:102,(anonymous_12)
FN:115,(anonymous_13)
FN:126,(anonymous_14)
FN:131,(anonymous_15)
FN:133,(anonymous_16)
FN:135,(anonymous_17)
FN:143,(anonymous_18)
FN:155,(anonymous_19)
FN:169,(anonymous_20)
FN:174,(anonymous_21)
FN:176,(anonymous_22)
FN:180,(anonymous_23)
FN:182,(anonymous_24)
FN:188,(anonymous_25)
FN:191,(anonymous_26)
FN:201,(anonymous_27)
FN:210,(anonymous_28)
FN:224,(anonymous_29)
FN:257,(anonymous_30)
FN:272,(anonymous_31)
FN:276,(anonymous_32)
FN:283,(anonymous_33)
FN:287,(anonymous_34)
FNF:35
FNH:28
FNDA:60,(anonymous_0)
FNDA:1,(anonymous_1)
FNDA:1,(anonymous_2)
FNDA:1,(anonymous_3)
FNDA:27,(anonymous_4)
FNDA:28,(anonymous_5)
FNDA:27,(anonymous_6)
FNDA:0,(anonymous_7)
FNDA:45,(anonymous_8)
FNDA:27,(anonymous_9)
FNDA:0,(anonymous_10)
FNDA:3,(anonymous_11)
FNDA:2,(anonymous_12)
FNDA:2,(anonymous_13)
FNDA:18,(anonymous_14)
FNDA:0,(anonymous_15)
FNDA:0,(anonymous_16)
FNDA:0,(anonymous_17)
FNDA:2,(anonymous_18)
FNDA:2,(anonymous_19)
FNDA:2,(anonymous_20)
FNDA:0,(anonymous_21)
FNDA:2,(anonymous_22)
FNDA:2,(anonymous_23)
FNDA:8,(anonymous_24)
FNDA:2,(anonymous_25)
FNDA:124,(anonymous_26)
FNDA:2,(anonymous_27)
FNDA:1,(anonymous_28)
FNDA:11,(anonymous_29)
FNDA:59,(anonymous_30)
FNDA:1,(anonymous_31)
FNDA:1,(anonymous_32)
FNDA:0,(anonymous_33)
FNDA:15,(anonymous_34)
DA:15,1
DA:20,60
DA:21,60
DA:22,60
DA:23,60
DA:24,60
DA:25,60
DA:28,1
DA:29,1
DA:30,1
DA:35,27
DA:45,28
DA:53,27
DA:54,27
DA:56,27
DA:57,0
DA:61,27
DA:65,0
DA:76,45
DA:80,27
DA:89,0
DA:94,3
DA:95,3
DA:104,2
DA:105,1
DA:106,1
DA:108,1
DA:109,1
DA:110,1
DA:116,2
DA:117,2
DA:118,2
DA:122,0
DA:127,18
DA:131,0
DA:133,0
DA:135,0
DA:144,2
DA:146,2
DA:168,2
DA:170,2
DA:175,0
DA:178,2
DA:179,2
DA:182,2
DA:183,8
DA:184,8
DA:186,2
DA:187,2
DA:190,2
DA:191,2
DA:192,124
DA:193,1
DA:194,1
DA:197,2
DA:198,2
DA:202,2
DA:203,2
DA:204,2
DA:205,2
DA:206,2
DA:211,1
DA:212,1
DA:216,1
DA:225,11
DA:227,11
DA:228,11
DA:229,11
DA:232,11
DA:234,57
DA:235,57
DA:237,57
DA:238,27
DA:239,3
DA:240,1
DA:243,2
DA:246,24
DA:247,24
DA:254,11
DA:259,59
DA:260,59
DA:262,59
DA:263,59
DA:264,59
DA:265,59
DA:266,59
DA:267,59
DA:268,59
DA:269,59
DA:273,1
DA:278,1
DA:288,15
LF:92
LH:84
BRDA:56,0,0,0
BRDA:56,0,1,27
BRDA:104,1,0,1
BRDA:104,1,1,1
BRDA:104,2,0,2
BRDA:104,2,1,2
BRDA:108,3,0,1
BRDA:108,3,1,0
BRDA:117,4,0,2
BRDA:117,4,1,0
BRDA:192,5,0,1
BRDA:192,5,1,123
BRDA:237,6,0,27
BRDA:237,6,1,30
BRDA:238,7,0,3
BRDA:238,7,1,24
BRDA:239,8,0,1
BRDA:239,8,1,2
BRDA:246,9,0,24
BRDA:246,9,1,0
BRDA:246,10,0,24
BRDA:246,10,1,24
BRF:22
BRH:18
end_of_record
TN:
SF:/home/vincent/Documents/imperial/group project/BettingDapp/src/football.js
FN:19,findFixtureByID
FNF:1
FNH:1
FNDA:2,findFixtureByID
DA:8,2
DA:9,2
DA:14,2
DA:20,2
DA:21,2
DA:22,2
DA:23,2
DA:24,2
DA:25,2
DA:27,2
LF:10
LH:10
BRF:0
BRH:0
end_of_record
TN:
SF:/home/vincent/Documents/imperial/group project/BettingDapp/src/utils/getWeb3.js
FN:3,(anonymous_0)
FN:8,(anonymous_1)
FNF:2
FNH:1
FNDA:1,(anonymous_0)
FNDA:0,(anonymous_1)
DA:3,1
DA:7,1
DA:8,0
DA:9,0
DA:12,0
DA:14,0
DA:16,0
DA:20,0
DA:22,0
DA:26,0
DA:28,0
DA:30,0
DA:34,0
DA:36,0
DA:43,1
DA:45,1
DA:47,1
DA:51,1
DA:53,1
LF:19
LH:7
BRDA:7,0,0,0
BRDA:7,0,1,1
BRDA:12,1,0,0
BRDA:12,1,1,0
BRF:4
BRH:1
end_of_record
